Release 14.7 - xst P.20131013 (nt64)
Copyright (c) 1995-2013 Xilinx, Inc.  All rights reserved.
--> Parameter TMPDIR set to xst/projnav.tmp


Total REAL time to Xst completion: 0.00 secs
Total CPU time to Xst completion: 0.41 secs
 
--> Parameter xsthdpdir set to xst


Total REAL time to Xst completion: 0.00 secs
Total CPU time to Xst completion: 0.41 secs
 
--> Reading design: procesador2.prj

TABLE OF CONTENTS
  1) Synthesis Options Summary
  2) HDL Compilation
  3) Design Hierarchy Analysis
  4) HDL Analysis
  5) HDL Synthesis
     5.1) HDL Synthesis Report
  6) Advanced HDL Synthesis
     6.1) Advanced HDL Synthesis Report
  7) Low Level Synthesis
  8) Partition Report
  9) Final Report
	9.1) Device utilization summary
	9.2) Partition Resource Summary
	9.3) TIMING REPORT


=========================================================================
*                      Synthesis Options Summary                        *
=========================================================================
---- Source Parameters
Input File Name                    : "procesador2.prj"
Input Format                       : mixed
Ignore Synthesis Constraint File   : NO

---- Target Parameters
Output File Name                   : "procesador2"
Output Format                      : NGC
Target Device                      : xc3s100e-5-vq100

---- Source Options
Top Module Name                    : procesador2
Automatic FSM Extraction           : YES
FSM Encoding Algorithm             : Auto
Safe Implementation                : No
FSM Style                          : LUT
RAM Extraction                     : Yes
RAM Style                          : Auto
ROM Extraction                     : Yes
Mux Style                          : Auto
Decoder Extraction                 : YES
Priority Encoder Extraction        : Yes
Shift Register Extraction          : YES
Logical Shifter Extraction         : YES
XOR Collapsing                     : YES
ROM Style                          : Auto
Mux Extraction                     : Yes
Resource Sharing                   : YES
Asynchronous To Synchronous        : NO
Multiplier Style                   : Auto
Automatic Register Balancing       : No

---- Target Options
Add IO Buffers                     : YES
Global Maximum Fanout              : 100000
Add Generic Clock Buffer(BUFG)     : 24
Register Duplication               : YES
Slice Packing                      : YES
Optimize Instantiated Primitives   : NO
Use Clock Enable                   : Yes
Use Synchronous Set                : Yes
Use Synchronous Reset              : Yes
Pack IO Registers into IOBs        : Auto
Equivalent register Removal        : YES

---- General Options
Optimization Goal                  : Speed
Optimization Effort                : 1
Keep Hierarchy                     : No
Netlist Hierarchy                  : As_Optimized
RTL Output                         : Yes
Global Optimization                : AllClockNets
Read Cores                         : YES
Write Timing Constraints           : NO
Cross Clock Analysis               : NO
Hierarchy Separator                : /
Bus Delimiter                      : <>
Case Specifier                     : Maintain
Slice Utilization Ratio            : 100
BRAM Utilization Ratio             : 100
Verilog 2001                       : YES
Auto BRAM Packing                  : NO
Slice Utilization Ratio Delta      : 5

=========================================================================


=========================================================================
*                          HDL Compilation                              *
=========================================================================
Compiling vhdl file "D:/Procesador1/adder.vhd" in Library work.
Architecture behavioral of Entity adder is up to date.
Compiling vhdl file "D:/Procesador1/PC.vhd" in Library work.
Architecture behavioral of Entity pc is up to date.
Compiling vhdl file "D:/Procesador1/inst_memory.vhd" in Library work.
Architecture arqinst_memory of Entity inst_memory is up to date.
Compiling vhdl file "D:/Procesador1/unidad_control.vhd" in Library work.
Architecture behavioral of Entity unidad_control is up to date.
Compiling vhdl file "D:/Procesador1/reg_file.vhd" in Library work.
Architecture behavioral of Entity reg_file is up to date.
Compiling vhdl file "D:/Procesador1/MUX.vhd" in Library work.
Architecture behavioral of Entity mux is up to date.
Compiling vhdl file "D:/Procesador1/SEU.vhd" in Library work.
Architecture behavioral of Entity seu is up to date.
Compiling vhdl file "D:/Procesador1/Alu.vhd" in Library work.
Architecture behavioral of Entity alu is up to date.
WARNING:HDLParsers:3353 - "D:/Procesador1/Alu.vhd" Line 55. Primary unit Alu is being redefined within the file. Prior definition (on line 32) is discarded. (LRM 11.1)
Architecture behavioral of Entity alu is up to date.
Compiling vhdl file "D:/Procesador1/procesador2.vhd" in Library work.
Architecture arq_procesador2 of Entity procesador2 is up to date.

=========================================================================
*                     Design Hierarchy Analysis                         *
=========================================================================
Analyzing hierarchy for entity <procesador2> in library <work> (architecture <arq_procesador2>).

Analyzing hierarchy for entity <adder> in library <work> (architecture <behavioral>).

Analyzing hierarchy for entity <PC> in library <work> (architecture <behavioral>).

Analyzing hierarchy for entity <inst_memory> in library <work> (architecture <behavioral>).

Analyzing hierarchy for entity <unidad_control> in library <work> (architecture <behavioral>).

Analyzing hierarchy for entity <reg_file> in library <work> (architecture <behavioral>).

Analyzing hierarchy for entity <MUX> in library <work> (architecture <behavioral>).

Analyzing hierarchy for entity <SEU> in library <work> (architecture <behavioral>).

Analyzing hierarchy for entity <Alu> in library <work> (architecture <behavioral>).


=========================================================================
*                            HDL Analysis                               *
=========================================================================
Analyzing Entity <procesador2> in library <work> (Architecture <arq_procesador2>).
Entity <procesador2> analyzed. Unit <procesador2> generated.

Analyzing Entity <adder> in library <work> (Architecture <behavioral>).
Entity <adder> analyzed. Unit <adder> generated.

Analyzing Entity <PC> in library <work> (Architecture <behavioral>).
Entity <PC> analyzed. Unit <PC> generated.

Analyzing Entity <inst_memory> in library <work> (Architecture <behavioral>).
INTERNAL_ERROR:Xst:cmain.c:3464:1.56 -  Process will terminate. For technical support on this issue, please open a WebCase with this project attached at http://www.xilinx.com/support.  
